#
# There is insufficient memory for the Java Runtime Environment to continue.
# Native memory allocation (mmap) failed to map 123731968 bytes. Error detail: G1 virtual space
# Possible reasons:
#   The system is out of physical RAM or swap space
#   This process is running with CompressedOops enabled, and the Java Heap may be blocking the growth of the native heap
# Possible solutions:
#   Reduce memory load on the system
#   Increase physical memory or swap space
#   Check if swap backing store is full
#   Decrease Java heap size (-Xmx/-Xms)
#   Decrease number of Java threads
#   Decrease Java thread stack sizes (-Xss)
#   Set larger code cache with -XX:ReservedCodeCacheSize=
#   JVM is running with Unscaled Compressed Oops mode in which the Java heap is
#     placed in the first 4GB address space. The Java Heap base address is the
#     maximum limit for the native heap growth. Please use -XX:HeapBaseMinAddress
#     to set the Java Heap base and to place the Java Heap above 4GB virtual address.
# This output file may be truncated or incomplete.
#
#  Out of Memory Error (os_windows.cpp:3703), pid=23940, tid=23996
#
# JRE version:  (23.0+37) (build )
# Java VM: Java HotSpot(TM) 64-Bit Server VM (23+37-2369, mixed mode, sharing, tiered, compressed oops, compressed class ptrs, g1 gc, windows-amd64)
# No core dump will be written. Minidumps are not enabled by default on client versions of Windows
#

---------------  S U M M A R Y ------------

Command Line: -Dfile.encoding=UTF-8 --module-path=C:\Users\HP\Documents\NetBeansProjects\AirlineManagementSystem\build\classes airlinemanagementsystem.FlightInfo

Host: AMD Ryzen 5 5600H with Radeon Graphics         , 12 cores, 7G,  Windows 11 , 64 bit Build 26100 (10.0.26100.2454)
Time: Mon Nov 25 01:13:05 2024 India Standard Time elapsed time: 0.021420 seconds (0d 0h 0m 0s)

---------------  T H R E A D  ---------------

Current thread (0x000001b17cea1610):  JavaThread "Unknown thread" [_thread_in_vm, id=23996, stack(0x0000005301000000,0x0000005301100000) (1024K)]

Stack: [0x0000005301000000,0x0000005301100000]
Native frames: (J=compiled Java code, j=interpreted, Vv=VM code, C=native code)
V  [jvm.dll+0x6e08a9]  (no source info available)
V  [jvm.dll+0x87da63]  (no source info available)
V  [jvm.dll+0x87feee]  (no source info available)
V  [jvm.dll+0x8805c3]  (no source info available)
V  [jvm.dll+0x27aee6]  (no source info available)
V  [jvm.dll+0x6dd1b5]  (no source info available)
V  [jvm.dll+0x6d103a]  (no source info available)
V  [jvm.dll+0x35b3ea]  (no source info available)
V  [jvm.dll+0x3637f6]  (no source info available)
V  [jvm.dll+0x34fd5e]  (no source info available)
V  [jvm.dll+0x34fff8]  (no source info available)
V  [jvm.dll+0x3289cc]  (no source info available)
V  [jvm.dll+0x32966e]  (no source info available)
V  [jvm.dll+0x8442e5]  (no source info available)
V  [jvm.dll+0x3b9848]  (no source info available)
V  [jvm.dll+0x82d0dc]  (no source info available)
V  [jvm.dll+0x454d4e]  (no source info available)
V  [jvm.dll+0x456bd1]  (no source info available)
C  [jli.dll+0x52a3]  (no source info available)
C  [ucrtbase.dll+0x14ea0]  (no source info available)
C  [KERNEL32.DLL+0x2e8d7]  (no source info available)
C  [ntdll.dll+0xdfbcc]  (no source info available)

Lock stack of current Java thread (top to bottom):


---------------  P R O C E S S  ---------------

Threads class SMR info:
_java_thread_list=0x00007ffb512b3618, length=0, elements={
}

Java Threads: ( => current thread )
Total: 0

Other Threads:
  0x000001b17d27c350 WorkerThread "GC Thread#0"                     [id=24000, stack(0x0000005301100000,0x0000005301200000) (1024K)]
  0x000001b17d28f960 ConcurrentGCThread "G1 Main Marker"            [id=24004, stack(0x0000005301200000,0x0000005301300000) (1024K)]
  0x000001b17d292240 WorkerThread "G1 Conc#0"                       [id=24008, stack(0x0000005301300000,0x0000005301400000) (1024K)]

[error occurred during error reporting (printing all threads), id 0xc0000005, EXCEPTION_ACCESS_VIOLATION (0xc0000005) at pc=0x00007ffb509fbfba]
VM state: not at safepoint (not fully initialized)

VM Mutex/Monitor currently owned by a thread:  ([mutex/lock_event])
[0x00007ffb51333a10] Heap_lock - owner thread: 0x000001b17cea1610

Heap address: 0x000000008a800000, size: 1880 MB, Compressed Oops mode: 32-bit

CDS archive(s) mapped at: [0x0000000000000000-0x0000000000000000-0x0000000000000000), size 0, SharedBaseAddress: 0x0000000800000000, ArchiveRelocationMode: 1.
Narrow klass base: 0x0000000000000000, Narrow klass shift: 0, Narrow klass range: 0x0

GC Precious Log:
 CardTable entry size: 512
 Card Set container configuration: InlinePtr #cards 5 size 8 Array Of Cards #cards 10 size 36 Howl #buckets 4 coarsen threshold 1843 Howl Bitmap #cards 512 size 80 coarsen threshold 460 Card regions per heap region 1 cards per card region 2048

Heap:
 garbage-first heap   total reserved 1925120K, committed 0K, used 0K [0x000000008a800000, 0x0000000100000000)
  region size 1024K, 0 young (0K), 0 survivors (0K)

[error occurred during error reporting (printing heap information), id 0xc0000005, EXCEPTION_ACCESS_VIOLATION (0xc0000005) at pc=0x00007ffb50dfc3b9]
GC Heap History (0 events):
No events

Dll operation events (1 events):
Event: 0.014 Loaded shared library C:\Program Files\Java\jdk-23\bin\java.dll

Deoptimization events (0 events):
No events

Classes loaded (0 events):
No events

Classes unloaded (0 events):
No events

Classes redefined (0 events):
No events

Internal exceptions (0 events):
No events

VM Operations (0 events):
No events

Memory protections (0 events):
No events

Nmethod flushes (0 events):
No events

Events (0 events):
No events


Dynamic libraries:
0x00007ff6cdd40000 - 0x00007ff6cdd50000 	C:\Program Files\Java\jdk-23\bin\java.exe
0x00007ffbb7260000 - 0x00007ffbb74c3000 	C:\WINDOWS\SYSTEM32\ntdll.dll
0x00007ffbb6a80000 - 0x00007ffbb6b48000 	C:\WINDOWS\System32\KERNEL32.DLL
0x00007ffbb4a80000 - 0x00007ffbb4e32000 	C:\WINDOWS\System32\KERNELBASE.dll
0x00007ffbb4f70000 - 0x00007ffbb50bb000 	C:\WINDOWS\System32\ucrtbase.dll
0x00007ffbad570000 - 0x00007ffbad587000 	C:\Program Files\Java\jdk-23\bin\jli.dll
0x00007ffb7a0f0000 - 0x00007ffb7a10b000 	C:\Program Files\Java\jdk-23\bin\VCRUNTIME140.dll
0x00007ffbb57d0000 - 0x00007ffbb5998000 	C:\WINDOWS\System32\USER32.dll
0x00007ffb9f6f0000 - 0x00007ffb9f980000 	C:\WINDOWS\WinSxS\amd64_microsoft.windows.common-controls_6595b64144ccf1df_6.0.26100.2454_none_3e0b68a2e331ad60\COMCTL32.dll
0x00007ffbb46f0000 - 0x00007ffbb4717000 	C:\WINDOWS\System32\win32u.dll
0x00007ffbb5170000 - 0x00007ffbb519a000 	C:\WINDOWS\System32\GDI32.dll
0x00007ffbb50c0000 - 0x00007ffbb5169000 	C:\WINDOWS\System32\msvcrt.dll
0x00007ffbb4e40000 - 0x00007ffbb4f6b000 	C:\WINDOWS\System32\gdi32full.dll
0x00007ffbb4930000 - 0x00007ffbb49d3000 	C:\WINDOWS\System32\msvcp_win.dll
0x00007ffbb7150000 - 0x00007ffbb717f000 	C:\WINDOWS\System32\IMM32.DLL
0x00007ffbb0df0000 - 0x00007ffbb0dfc000 	C:\Program Files\Java\jdk-23\bin\vcruntime140_1.dll
0x00007ffb50380000 - 0x00007ffb5040e000 	C:\Program Files\Java\jdk-23\bin\msvcp140.dll
0x00007ffb506c0000 - 0x00007ffb5140f000 	C:\Program Files\Java\jdk-23\bin\server\jvm.dll
0x00007ffbb5510000 - 0x00007ffbb55c4000 	C:\WINDOWS\System32\ADVAPI32.dll
0x00007ffbb5cd0000 - 0x00007ffbb5d76000 	C:\WINDOWS\System32\sechost.dll
0x00007ffbb56b0000 - 0x00007ffbb57c6000 	C:\WINDOWS\System32\RPCRT4.dll
0x00007ffbb5410000 - 0x00007ffbb5484000 	C:\WINDOWS\System32\WS2_32.dll
0x00007ffbb44c0000 - 0x00007ffbb450e000 	C:\WINDOWS\SYSTEM32\POWRPROF.dll
0x00007ffbad1f0000 - 0x00007ffbad1fb000 	C:\WINDOWS\SYSTEM32\VERSION.dll
0x00007ffbab510000 - 0x00007ffbab546000 	C:\WINDOWS\SYSTEM32\WINMM.dll
0x00007ffbb44a0000 - 0x00007ffbb44b4000 	C:\WINDOWS\SYSTEM32\UMPDC.dll
0x00007ffbb3470000 - 0x00007ffbb348a000 	C:\WINDOWS\SYSTEM32\kernel.appcore.dll
0x00007ffb776e0000 - 0x00007ffb776ea000 	C:\Program Files\Java\jdk-23\bin\jimage.dll
0x00007ffbac2a0000 - 0x00007ffbac4e1000 	C:\WINDOWS\SYSTEM32\DBGHELP.DLL
0x00007ffbb5ef0000 - 0x00007ffbb626e000 	C:\WINDOWS\System32\combase.dll
0x00007ffbb55d0000 - 0x00007ffbb56a6000 	C:\WINDOWS\System32\OLEAUT32.dll
0x00007ffb95260000 - 0x00007ffb95299000 	C:\WINDOWS\SYSTEM32\dbgcore.DLL
0x00007ffbb49e0000 - 0x00007ffbb4a79000 	C:\WINDOWS\System32\bcryptPrimitives.dll
0x00007ffb77520000 - 0x00007ffb7753e000 	C:\Program Files\Java\jdk-23\bin\java.dll
0x00007ffbb5ab0000 - 0x00007ffbb5c49000 	C:\WINDOWS\System32\ole32.dll
0x00007ffbb6370000 - 0x00007ffbb6a70000 	C:\WINDOWS\System32\SHELL32.dll

dbghelp: loaded successfully - version: 4.0.5 - missing functions: none
symbol engine: initialized successfully - sym options: 0x614 - pdb path: .;C:\Program Files\Java\jdk-23\bin;C:\WINDOWS\SYSTEM32;C:\WINDOWS\WinSxS\amd64_microsoft.windows.common-controls_6595b64144ccf1df_6.0.26100.2454_none_3e0b68a2e331ad60;C:\Program Files\Java\jdk-23\bin\server

VM Arguments:
jvm_args: -Dfile.encoding=UTF-8 --module-path=C:\Users\HP\Documents\NetBeansProjects\AirlineManagementSystem\build\classes 
java_command: airlinemanagementsystem.FlightInfo
java_class_path (initial): C:\Users\HP\Downloads\mysql-connector-java-8.0.28.jar;C:\Users\HP\Downloads\rs2xml.jar;C:\Users\HP\Documents\NetBeansProjects\AirlineManagementSystem\build\classes
Launcher Type: SUN_STANDARD

[Global flags]
     intx CICompilerCount                          = 4                                         {product} {ergonomic}
     uint ConcGCThreads                            = 3                                         {product} {ergonomic}
     uint G1ConcRefinementThreads                  = 10                                        {product} {ergonomic}
   size_t G1HeapRegionSize                         = 1048576                                   {product} {ergonomic}
   size_t InitialHeapSize                          = 123731968                                 {product} {ergonomic}
   size_t MarkStackSize                            = 4194304                                   {product} {ergonomic}
   size_t MarkStackSizeMax                         = 536870912                                 {product} {ergonomic}
   size_t MaxHeapSize                              = 1971322880                                {product} {ergonomic}
   size_t MinHeapDeltaBytes                        = 1048576                                   {product} {ergonomic}
   size_t MinHeapSize                              = 8388608                                   {product} {ergonomic}
    uintx NonNMethodCodeHeapSize                   = 5832704                                {pd product} {ergonomic}
    uintx NonProfiledCodeHeapSize                  = 122945536                              {pd product} {ergonomic}
    uintx ProfiledCodeHeapSize                     = 122880000                              {pd product} {ergonomic}
    uintx ReservedCodeCacheSize                    = 251658240                              {pd product} {ergonomic}
     bool SegmentedCodeCache                       = true                                      {product} {ergonomic}
   size_t SoftMaxHeapSize                          = 1971322880                             {manageable} {ergonomic}
     bool UseCompressedOops                        = true                           {product lp64_product} {ergonomic}
     bool UseG1GC                                  = true                                      {product} {ergonomic}
     bool UseLargePagesIndividualAllocation        = false                                  {pd product} {ergonomic}

Logging:
Log output configuration:
 #0: stdout all=warning uptime,level,tags foldmultilines=false
 #1: stderr all=off uptime,level,tags foldmultilines=false

Environment Variables:
PATH=C:\oracle_database\db_home\bin;C:\Program Files\Common Files\Oracle\Java\javapath;C:\Program Files (x86)\Common Files\Oracle\Java\java8path;C:\Program Files (x86)\Common Files\Oracle\Java\javapath;C:\WINDOWS\system32;C:\WINDOWS;C:\WINDOWS\System32\Wbem;C:\WINDOWS\System32\WindowsPowerShell\v1.0\;C:\WINDOWS\System32\OpenSSH\;C:\Users\HP\Downloads\jdk-22_windows-x64_bin\jdk-22.0.1\bin;C:\Users\HP\AppData\Local\Programs\Python\Python312;C:\MinGW\bin;C:\Users\HP\AppData\Local\Programs\Python\Python312\Scripts;C:\Program Files\MySQL\MySQL Server 8.0\bin;C:\Program Files\Git\cmd;C:\Users\HP\Downloads\jdk-22_windows-x64_bin\jdk-22.0.1\bin\javap;C:\Program Files\Java\jdk-17\bin;C:\ProgramData\chocolatey\bin;C:\ProgramData\Microsoft\Windows\Start Menu\Programs\Node.js;C:\Users\HP\AppData\Roaming\Microsoft\Windows\Start Menu\Programs\Python 3.12;C:\Program Files\nodejs\;C:\Program Files\MongoDB\mongosh-2.3.0-win32-x64\bin;C:\Program Files\Microsoft SQL Server\150\Tools\Binn\;C:\Users\HP\AppData\Local\Programs\Python\Python312\Scripts\;C:\Users\HP\AppData\Local\Programs\Python\Python312\;C:\Program Files\MySQL\MySQL Shell 8.0\bin\;C:\Users\HP\AppData\Local\Programs\Python\Launcher\;C:\Users\HP\AppData\Local\Microsoft\WindowsApps;C:\Program Files\JetBrains\IntelliJ IDEA 2024.1.4\bin;;C:\Program Files\JetBrains\PyCharm 2024.1.4\bin;;C:\Program Files\JetBrains\DataGrip 2024.1.4\bin;;C:\Users\HP\AppData\Local\JetBrains\Toolbox\scripts;;C:\Program Files\JetBrains\IntelliJ IDEA Community Edition 2024.1.4\bin;;C:\Program Files\JetBrains\PyCharm Community Edition 2024.1.4\bin;;C:\Users\HP\AppData\Roaming\npm;C:\Users\HP\AppData\Local\Programs\Microsoft VS Code\bin;C:\Users\HP\AppData\Local\Microsoft\WindowsApps
USERNAME=HP
OS=Windows_NT
PROCESSOR_IDENTIFIER=AMD64 Family 25 Model 80 Stepping 0, AuthenticAMD
TMP=C:\Users\HP\AppData\Local\Temp
TEMP=C:\Users\HP\AppData\Local\Temp




Periodic native trim disabled

---------------  S Y S T E M  ---------------

OS:
 Windows 11 , 64 bit Build 26100 (10.0.26100.2454)
OS uptime: 0 days 3:30 hours
Hyper-V role detected

CPU: total 12 (initial active 12) (12 cores per cpu, 2 threads per core) family 25 model 80 stepping 0 microcode 0xa50000f, cx8, cmov, fxsr, ht, mmx, 3dnowpref, sse, sse2, sse3, ssse3, sse4a, sse4.1, sse4.2, popcnt, lzcnt, tsc, tscinvbit, avx, avx2, aes, erms, clmul, bmi1, bmi2, adx, sha, fma, vzeroupper, clflush, clflushopt, hv, rdtscp, rdpid, fsrm, f16c, cet_ss
Processor Information for processor 0
  Max Mhz: 3301, Current Mhz: 1805, Mhz Limit: 3301
Processor Information for processor 1
  Max Mhz: 3301, Current Mhz: 1805, Mhz Limit: 3301
Processor Information for processor 2
  Max Mhz: 3301, Current Mhz: 1805, Mhz Limit: 3301
Processor Information for processor 3
  Max Mhz: 3301, Current Mhz: 1805, Mhz Limit: 3301
Processor Information for processor 4
  Max Mhz: 3301, Current Mhz: 1805, Mhz Limit: 3301
Processor Information for processor 5
  Max Mhz: 3301, Current Mhz: 3301, Mhz Limit: 3301
Processor Information for processor 6
  Max Mhz: 3301, Current Mhz: 1805, Mhz Limit: 3301
Processor Information for processor 7
  Max Mhz: 3301, Current Mhz: 1805, Mhz Limit: 3301
Processor Information for processor 8
  Max Mhz: 3301, Current Mhz: 1805, Mhz Limit: 3301
Processor Information for processor 9
  Max Mhz: 3301, Current Mhz: 1805, Mhz Limit: 3301
Processor Information for processor 10
  Max Mhz: 3301, Current Mhz: 1805, Mhz Limit: 3301
Processor Information for processor 11
  Max Mhz: 3301, Current Mhz: 1805, Mhz Limit: 3301

Memory: 4k page, system-wide physical 7518M (664M free)
TotalPageFile size 31047M (AvailPageFile size 67M)
current process WorkingSet (physical memory assigned to process): 13M, peak: 13M
current process commit charge ("private bytes"): 64M, peak: 182M

vm_info: Java HotSpot(TM) 64-Bit Server VM (23+37-2369) for windows-amd64 JRE (23+37-2369), built on 2024-08-20T16:01:23Z with MS VC++ 17.6 (VS2022)

END.
